This is LuaTeX, Version 1.10.0 (MiKTeX 2.9.7200 64-bit)  (format=lualatex 2020.5.27)  5 JUN 2020 12:27
 restricted system commands enabled.
**text_ASA.tex
(./text_ASA.tex
LaTeX2e <2019-10-01> patch level 2
Lua module: luaotfload-main 2019-11-04 3.1 luaotfload entry point
Lua module: luaotfload-init 2019-11-04 3.1 luaotfload submodule / initialization
Lua module: lualibs 2019-11-06 2.69 ConTeXt Lua standard libraries.
Lua module: lualibs-extended 2019-11-06 2.69 ConTeXt Lua libraries -- extended c
ollection.
Lua module: luaotfload-log 2019-11-04 3.1 luaotfload submodule / logging
Lua module: luaotfload-parsers 2019-11-04 3.1 luaotfload submodule / filelist
Lua module: luaotfload-configuration 2019-11-04 3.1 luaotfload submodule / confi
g file reader
luaotfload | conf : Root cache directory is C:/Users/Agnieszka/AppData/Local/MiK
TeX/2.9/luatex-cache/generic/names.
luaotfload | init : Loading fontloader “fontloader-2019-10-29.lua” from kpse
-resolved path “C:/Program Files/MiKTeX 2.9/tex/luatex/luaotfload/fontloader-2
019-10-29.lua”.
Lua-only attribute luaotfload@state = 2
Lua-only attribute luaotfload@noligature = 3
Lua-only attribute luaotfload@syllabe = 4
luaotfload | init : Context OpenType loader version “3.11”
Inserting `luaotfload.node_processor' at position 1 in `pre_linebreak_filter'.
Inserting `luaotfload.node_processor' at position 1 in `hpack_filter'.
Lua module: luaotfload-loaders 2019-11-04 3.1 luaotfload submodule / callback ha
ndling
Inserting `luaotfload.define_font' at position 1 in `define_font'.
Lua module: luaotfload-database 2019-11-04 3.1 luaotfload submodule / database
Lua module: luaotfload-unicode 2019-11-04 3.1 luaotfload submodule / Unicode hel
pers
Lua module: luaotfload-colors 2019-11-04 3.1 luaotfload submodule / color
Lua-only attribute luaotfload_color_attribute = 5
Lua module: luaotfload-resolvers 2019-11-04 3.1 luaotfload submodule / resolvers
luaotfload | conf : Root cache directory is C:/Users/Agnieszka/AppData/Local/MiK
TeX/2.9/luatex-cache/generic/names.
Lua module: luaotfload-features 2019-11-04 3.1 luaotfload submodule / features
Lua module: luaotfload-letterspace 2019-11-04 3.1 luaotfload submodule / color
Lua module: luaotfload-embolden 2019-11-04 3.1 luaotfload submodule / color
Lua module: luaotfload-notdef 2019-11-04 3.1 luaotfload submodule / color
Lua module: luaotfload-auxiliary 2019-11-04 3.1 luaotfload submodule / auxiliary
 functions
Inserting `luaotfload.aux.set_sscale_dimens' at position 1 in `luaotfload.patch_
font'.
Inserting `luaotfload.aux.set_font_index' at position 2 in `luaotfload.patch_fon
t'.
Inserting `luaotfload.aux.patch_cambria_domh' at position 3 in `luaotfload.patch
_font'.
Inserting `luaotfload.aux.fixup_fontdata' at position 1 in `luaotfload.patch_fon
t_unsafe'.
Inserting `luaotfload.aux.set_capheight' at position 4 in `luaotfload.patch_font
'.
Inserting `luaotfload.aux.set_xheight' at position 5 in `luaotfload.patch_font'.
Lua module: luaotfload-multiscript 2019-11-04 3.1 luaotfload submodule / multisc
ript
Lua module: luaotfload-tounicode 2019-11-04 3.1 luaotfload submodule / tounicode
Inserting `luaotfload.rewrite_fontname' at position 6 in `luaotfload.patch_font'
.
luaotfload | main : initialization completed in 7.060 seconds
("C:/Program Files/MiKTeX 2.9/tex/latex/base/article.cls"
Document Class: article 2019/10/25 v1.4k Standard LaTeX document class
("C:/Program Files/MiKTeX 2.9/tex/latex/base/size12.clo"
File: size12.clo 2019/10/25 v1.4k Standard LaTeX file (size option)
luaotfload | db : Font names database loaded from C:/Users/Agnieszka/AppData/Loc
al/MiKTeX/2.9/luatex-cache/generic/names/luaotfload-names.luc)
\c@part=\count80
\c@section=\count81
\c@subsection=\count82
\c@subsubsection=\count83
\c@paragraph=\count84
\c@subparagraph=\count85
\c@figure=\count86
\c@table=\count87
\abovecaptionskip=\skip41
\belowcaptionskip=\skip42
\bibindent=\dimen102
)
("C:/Program Files/MiKTeX 2.9/tex/latex/amsmath/amsmath.sty"
Package: amsmath 2019/04/01 v2.17c AMS math features
\@mathmargin=\skip43

For additional information on amsmath, use the `?' option.
("C:/Program Files/MiKTeX 2.9/tex/latex/amsmath/amstext.sty"
Package: amstext 2000/06/29 v2.01 AMS text

("C:/Program Files/MiKTeX 2.9/tex/latex/amsmath/amsgen.sty"
File: amsgen.sty 1999/11/30 v2.0 generic functions
\@emptytoks=\toks14
\ex@=\dimen103
))
("C:/Program Files/MiKTeX 2.9/tex/latex/amsmath/amsbsy.sty"
Package: amsbsy 1999/11/29 v1.2d Bold Symbols
\pmbraise@=\dimen104
)
("C:/Program Files/MiKTeX 2.9/tex/latex/amsmath/amsopn.sty"
Package: amsopn 2016/03/08 v2.02 operator names
)
\inf@bad=\count88
LaTeX Info: Redefining \frac on input line 227.
\uproot@=\count89
\leftroot@=\count90
LaTeX Info: Redefining \overline on input line 389.
\classnum@=\count91
\DOTSCASE@=\count92
LaTeX Info: Redefining \ldots on input line 486.
LaTeX Info: Redefining \dots on input line 489.
LaTeX Info: Redefining \cdots on input line 610.
\Mathstrutbox@=\box27
\strutbox@=\box28
\big@size=\dimen105
LaTeX Font Info:    Redeclaring font encoding OML on input line 733.
LaTeX Font Info:    Redeclaring font encoding OMS on input line 734.
\macc@depth=\count93
\c@MaxMatrixCols=\count94
\dotsspace@=\muskip10
\c@parentequation=\count95
\dspbrk@lvl=\count96
\tag@help=\toks15
\row@=\count97
\column@=\count98
\maxfields@=\count99
\andhelp@=\toks16
\eqnshift@=\dimen106
\alignsep@=\dimen107
\tagshift@=\dimen108
\tagwidth@=\dimen109
\totwidth@=\dimen110
\lineht@=\dimen111
\@envbody=\toks17
\multlinegap=\skip44
\multlinetaggap=\skip45
\mathdisplay@stack=\toks18
LaTeX Info: Redefining \[ on input line 2855.
LaTeX Info: Redefining \] on input line 2856.
)
("C:/Program Files/MiKTeX 2.9/tex/latex/graphics/graphicx.sty"
Package: graphicx 2017/06/01 v1.1a Enhanced LaTeX Graphics (DPC,SPQR)

("C:/Program Files/MiKTeX 2.9/tex/latex/graphics/keyval.sty"
Package: keyval 2014/10/28 v1.15 key=value parser (DPC)
\KV@toks@=\toks19
)
("C:/Program Files/MiKTeX 2.9/tex/latex/graphics/graphics.sty"
Package: graphics 2019/11/01 v1.3d Standard LaTeX Graphics (DPC,SPQR)

("C:/Program Files/MiKTeX 2.9/tex/latex/graphics/trig.sty"
Package: trig 2016/01/03 v1.10 sin cos tan (DPC)
)
("C:/Program Files/MiKTeX 2.9/tex/latex/graphics-cfg/graphics.cfg"
File: graphics.cfg 2016/06/04 v1.11 sample graphics configuration
)
Package graphics Info: Driver file: luatex.def on input line 105.

("C:/Program Files/MiKTeX 2.9/tex/latex/graphics-def/luatex.def"
File: luatex.def 2018/01/08 v1.0l Graphics/color driver for luatex
))
\Gin@req@height=\dimen112
\Gin@req@width=\dimen113
)
(C:/Users/Agnieszka/AppData/Roaming/MiKTeX/2.9/tex/latex/psfrag/psfrag.sty
Package: psfrag 1998/04/11 v3.04 PSfrag (MCG)
\pfg@pcount=\count100
\pfg@scount=\count101
\pfg@temp=\write3
)
(C:/Users/Agnieszka/AppData/Roaming/MiKTeX/2.9/tex/latex/epsf/epsf.sty
This is `epsf.tex' v2.7.4 <14 February 2011>
\epsffilein=\read1
\epsfframemargin=\dimen114
\epsfframethickness=\dimen115
\epsfrsize=\dimen116
\epsftmp=\dimen117
\epsftsize=\dimen118
\epsfxsize=\dimen119
\epsfysize=\dimen120
\pspoints=\dimen121
) ("C:/Program Files/MiKTeX 2.9/tex/latex/tools/enumerate.sty"
Package: enumerate 2015/07/23 v3.00 enumerate extensions (DPC)
\@enLab=\toks20
)
(C:/Users/Agnieszka/AppData/Roaming/MiKTeX/2.9/tex/latex/natbib/natbib.sty
Package: natbib 2010/09/13 8.31b (PWD, AO)
\bibhang=\skip46
\bibsep=\skip47
LaTeX Info: Redefining \cite on input line 694.
\c@NAT@ctr=\count102
)
("C:/Program Files/MiKTeX 2.9/tex/latex/base/textcomp.sty"
Package: textcomp 2018/08/11 v2.0j Standard LaTeX package
Package textcomp Info: Sub-encoding information:
(textcomp)               5 = only ISO-Adobe without \textcurrency
(textcomp)               4 = 5 + \texteuro
(textcomp)               3 = 4 + \textohm
(textcomp)               2 = 3 + \textestimated + \textcurrency
(textcomp)               1 = TS1 - \textcircled - \t
(textcomp)               0 = TS1 (full)
(textcomp)             Font families with sub-encoding setting implement
(textcomp)             only a restricted character set as indicated.
(textcomp)             Family '?' is the default used for unknown fonts.
(textcomp)             See the documentation for details.
Package textcomp Info: Setting ? sub-encoding to TS1/1 on input line 79.

("C:/Program Files/MiKTeX 2.9/tex/latex/base/ts1enc.def"
File: ts1enc.def 2001/06/05 v3.0e (jk/car/fm) Standard LaTeX file
)
LaTeX Info: Redefining \oldstylenums on input line 334.
Package textcomp Info: Setting cmr sub-encoding to TS1/0 on input line 349.
Package textcomp Info: Setting cmss sub-encoding to TS1/0 on input line 350.
Package textcomp Info: Setting cmtt sub-encoding to TS1/0 on input line 351.
Package textcomp Info: Setting cmvtt sub-encoding to TS1/0 on input line 352.
Package textcomp Info: Setting cmbr sub-encoding to TS1/0 on input line 353.
Package textcomp Info: Setting cmtl sub-encoding to TS1/0 on input line 354.
Package textcomp Info: Setting ccr sub-encoding to TS1/0 on input line 355.
Package textcomp Info: Setting ptm sub-encoding to TS1/4 on input line 356.
Package textcomp Info: Setting pcr sub-encoding to TS1/4 on input line 357.
Package textcomp Info: Setting phv sub-encoding to TS1/4 on input line 358.
Package textcomp Info: Setting ppl sub-encoding to TS1/3 on input line 359.
Package textcomp Info: Setting pag sub-encoding to TS1/4 on input line 360.
Package textcomp Info: Setting pbk sub-encoding to TS1/4 on input line 361.
Package textcomp Info: Setting pnc sub-encoding to TS1/4 on input line 362.
Package textcomp Info: Setting pzc sub-encoding to TS1/4 on input line 363.
Package textcomp Info: Setting bch sub-encoding to TS1/4 on input line 364.
Package textcomp Info: Setting put sub-encoding to TS1/5 on input line 365.
Package textcomp Info: Setting uag sub-encoding to TS1/5 on input line 366.
Package textcomp Info: Setting ugq sub-encoding to TS1/5 on input line 367.
Package textcomp Info: Setting ul8 sub-encoding to TS1/4 on input line 368.
Package textcomp Info: Setting ul9 sub-encoding to TS1/4 on input line 369.
Package textcomp Info: Setting augie sub-encoding to TS1/5 on input line 370.
Package textcomp Info: Setting dayrom sub-encoding to TS1/3 on input line 371.
Package textcomp Info: Setting dayroms sub-encoding to TS1/3 on input line 372.
Package textcomp Info: Setting pxr sub-encoding to TS1/0 on input line 373.
Package textcomp Info: Setting pxss sub-encoding to TS1/0 on input line 374.
Package textcomp Info: Setting pxtt sub-encoding to TS1/0 on input line 375.
Package textcomp Info: Setting txr sub-encoding to TS1/0 on input line 376.
Package textcomp Info: Setting txss sub-encoding to TS1/0 on input line 377.
Package textcomp Info: Setting txtt sub-encoding to TS1/0 on input line 378.
Package textcomp Info: Setting lmr sub-encoding to TS1/0 on input line 379.
Package textcomp Info: Setting lmdh sub-encoding to TS1/0 on input line 380.
Package textcomp Info: Setting lmss sub-encoding to TS1/0 on input line 381.
Package textcomp Info: Setting lmssq sub-encoding to TS1/0 on input line 382.
Package textcomp Info: Setting lmvtt sub-encoding to TS1/0 on input line 383.
Package textcomp Info: Setting lmtt sub-encoding to TS1/0 on input line 384.
Package textcomp Info: Setting qhv sub-encoding to TS1/0 on input line 385.
Package textcomp Info: Setting qag sub-encoding to TS1/0 on input line 386.
Package textcomp Info: Setting qbk sub-encoding to TS1/0 on input line 387.
Package textcomp Info: Setting qcr sub-encoding to TS1/0 on input line 388.
Package textcomp Info: Setting qcs sub-encoding to TS1/0 on input line 389.
Package textcomp Info: Setting qpl sub-encoding to TS1/0 on input line 390.
Package textcomp Info: Setting qtm sub-encoding to TS1/0 on input line 391.
Package textcomp Info: Setting qzc sub-encoding to TS1/0 on input line 392.
Package textcomp Info: Setting qhvc sub-encoding to TS1/0 on input line 393.
Package textcomp Info: Setting futs sub-encoding to TS1/4 on input line 394.
Package textcomp Info: Setting futx sub-encoding to TS1/4 on input line 395.
Package textcomp Info: Setting futj sub-encoding to TS1/4 on input line 396.
Package textcomp Info: Setting hlh sub-encoding to TS1/3 on input line 397.
Package textcomp Info: Setting hls sub-encoding to TS1/3 on input line 398.
Package textcomp Info: Setting hlst sub-encoding to TS1/3 on input line 399.
Package textcomp Info: Setting hlct sub-encoding to TS1/5 on input line 400.
Package textcomp Info: Setting hlx sub-encoding to TS1/5 on input line 401.
Package textcomp Info: Setting hlce sub-encoding to TS1/5 on input line 402.
Package textcomp Info: Setting hlcn sub-encoding to TS1/5 on input line 403.
Package textcomp Info: Setting hlcw sub-encoding to TS1/5 on input line 404.
Package textcomp Info: Setting hlcf sub-encoding to TS1/5 on input line 405.
Package textcomp Info: Setting pplx sub-encoding to TS1/3 on input line 406.
Package textcomp Info: Setting pplj sub-encoding to TS1/3 on input line 407.
Package textcomp Info: Setting ptmx sub-encoding to TS1/4 on input line 408.
Package textcomp Info: Setting ptmj sub-encoding to TS1/4 on input line 409.
)
(C:/Users/Agnieszka/AppData/Roaming/MiKTeX/2.9/tex/latex/url/url.sty
\Urlmuskip=\muskip11
Package: url 2013/09/16  ver 3.4  Verb mode for urls, etc.
)
("C:/Program Files/MiKTeX 2.9/tex/latex/hyperref/hyperref.sty"
Package: hyperref 2019/11/06 v7.00b Hypertext links for LaTeX

("C:/Program Files/MiKTeX 2.9/tex/generic/oberdiek/ltxcmds.sty"
Package: ltxcmds 2016/05/16 v1.23 LaTeX kernel commands for general use (HO)
)
(C:/Users/Agnieszka/AppData/Roaming/MiKTeX/2.9/tex/generic/iftex/iftex.sty
Package: iftex 2019/11/07 v1.0c TeX engine tests
)
("C:/Program Files/MiKTeX 2.9/tex/generic/oberdiek/pdftexcmds.sty"
Package: pdftexcmds 2019/07/25 v0.30 Utility functions of pdfTeX for LuaTeX (HO)


("C:/Program Files/MiKTeX 2.9/tex/generic/oberdiek/infwarerr.sty"
Package: infwarerr 2016/05/16 v1.4 Providing info/warning/error messages (HO)
)
(C:/Users/Agnieszka/AppData/Roaming/MiKTeX/2.9/tex/generic/iftex/ifluatex.sty
Package: ifluatex 2019/10/25 v1.5 ifluatex legacy package. Use iftex instead.
)
(C:/Users/Agnieszka/AppData/Roaming/MiKTeX/2.9/tex/generic/iftex/ifpdf.sty
Package: ifpdf 2019/10/25 v3.4 ifpdf legacy package. Use iftex instead.
)
Package pdftexcmds Info: \pdf@primitive is available.
Package pdftexcmds Info: \pdf@ifprimitive is available.
Package pdftexcmds Info: \pdfdraftmode found.
\pdftexcmds@toks=\toks21
)
("C:/Program Files/MiKTeX 2.9/tex/generic/oberdiek/kvsetkeys.sty"
Package: kvsetkeys 2016/05/16 v1.17 Key value parser (HO)

("C:/Program Files/MiKTeX 2.9/tex/generic/oberdiek/etexcmds.sty"
Package: etexcmds 2016/05/16 v1.6 Avoid name clashes with e-TeX commands (HO)
))
("C:/Program Files/MiKTeX 2.9/tex/generic/oberdiek/kvdefinekeys.sty"
Package: kvdefinekeys 2016/05/16 v1.4 Define keys (HO)
)
("C:/Program Files/MiKTeX 2.9/tex/generic/oberdiek/pdfescape.sty"
Package: pdfescape 2016/05/16 v1.14 Implements pdfTeX's escape features (HO)
)
("C:/Program Files/MiKTeX 2.9/tex/latex/oberdiek/hycolor.sty"
Package: hycolor 2016/05/16 v1.8 Color options for hyperref/bookmark (HO)

("C:/Program Files/MiKTeX 2.9/tex/latex/oberdiek/xcolor-patch.sty"
Package: xcolor-patch 2016/05/16 xcolor patch

("C:/Program Files/MiKTeX 2.9/tex/latex/oberdiek/hopatch.sty"
Package: hopatch 2016/05/16 v1.3 Wrapper for package hooks (HO)
)))
("C:/Program Files/MiKTeX 2.9/tex/latex/oberdiek/letltxmacro.sty"
Package: letltxmacro 2016/05/16 v1.5 Let assignment for LaTeX macros (HO)
)
("C:/Program Files/MiKTeX 2.9/tex/latex/oberdiek/auxhook.sty"
Package: auxhook 2016/05/16 v1.4 Hooks for auxiliary files (HO)
)
("C:/Program Files/MiKTeX 2.9/tex/latex/oberdiek/kvoptions.sty"
Package: kvoptions 2016/05/16 v3.12 Key value format for package options (HO)
)
\@linkdim=\dimen122
\Hy@linkcounter=\count103
\Hy@pagecounter=\count104

("C:/Program Files/MiKTeX 2.9/tex/latex/hyperref/pd1enc.def"
File: pd1enc.def 2019/11/06 v7.00b Hyperref: PDFDocEncoding definition (HO)
)
("C:/Program Files/MiKTeX 2.9/tex/generic/oberdiek/intcalc.sty"
Package: intcalc 2016/05/16 v1.2 Expandable calculations with integers (HO)
)
\Hy@SavedSpaceFactor=\count105

("C:/Program Files/MiKTeX 2.9/tex/latex/00miktex/hyperref.cfg"
File: hyperref.cfg 2002/06/06 v1.2 hyperref configuration of TeXLive
)
Package hyperref Info: Hyper figures OFF on input line 4535.
Package hyperref Info: Link nesting OFF on input line 4540.
Package hyperref Info: Hyper index ON on input line 4543.
Package hyperref Info: Plain pages OFF on input line 4550.
Package hyperref Info: Backreferencing OFF on input line 4555.
Package hyperref Info: Implicit mode ON; LaTeX internals redefined.
Package hyperref Info: Bookmarks ON on input line 4790.
\c@Hy@tempcnt=\count106
LaTeX Info: Redefining \url on input line 5149.
\XeTeXLinkMargin=\dimen123

("C:/Program Files/MiKTeX 2.9/tex/generic/oberdiek/bitset.sty"
Package: bitset 2016/05/16 v1.2 Handle bit-vector datatype (HO)

("C:/Program Files/MiKTeX 2.9/tex/generic/oberdiek/bigintcalc.sty"
Package: bigintcalc 2016/05/16 v1.4 Expandable calculations on big integers (HO)

))
\Fld@menulength=\count107
\Field@Width=\dimen124
\Fld@charsize=\dimen125
Package hyperref Info: Hyper figures OFF on input line 6420.
Package hyperref Info: Link nesting OFF on input line 6425.
Package hyperref Info: Hyper index ON on input line 6428.
Package hyperref Info: backreferencing OFF on input line 6435.
Package hyperref Info: Link coloring OFF on input line 6440.
Package hyperref Info: Link coloring with OCG OFF on input line 6445.
Package hyperref Info: PDF/A mode OFF on input line 6450.
LaTeX Info: Redefining \ref on input line 6490.
LaTeX Info: Redefining \pageref on input line 6494.

("C:/Program Files/MiKTeX 2.9/tex/generic/oberdiek/atbegshi.sty"
Package: atbegshi 2016/06/09 v1.18 At begin shipout hook (HO)
)
\Hy@abspage=\count108
\c@Item=\count109
\c@Hfootnote=\count110
)
Package hyperref Info: Driver (autodetected): hluatex.

("C:/Program Files/MiKTeX 2.9/tex/latex/hyperref/hluatex.def"
File: hluatex.def 2019/11/06 v7.00b Hyperref driver for luaTeX

("C:/Program Files/MiKTeX 2.9/tex/latex/hyperref/puenc.def"
File: puenc.def 2019/11/06 v7.00b Hyperref: PDF Unicode definition (HO)
)
("C:/Program Files/MiKTeX 2.9/tex/generic/oberdiek/stringenc.sty"
Package: stringenc 2016/05/16 v1.11 Convert strings between diff. encodings (HO)

)
("C:/Program Files/MiKTeX 2.9/tex/latex/oberdiek/atveryend.sty"
Package: atveryend 2016/05/16 v1.9 Hooks at the very end of document (HO)
Package atveryend Info: \enddocument detected (standard20110627).
)
\Fld@listcount=\count111
\c@bookmark@seq@number=\count112

("C:/Program Files/MiKTeX 2.9/tex/latex/oberdiek/rerunfilecheck.sty"
Package: rerunfilecheck 2016/05/16 v1.8 Rerun checks for auxiliary files (HO)

("C:/Program Files/MiKTeX 2.9/tex/generic/oberdiek/uniquecounter.sty"
Package: uniquecounter 2016/05/16 v1.3 Provide unlimited unique counter (HO)
)
Package uniquecounter Info: New unique counter `rerunfilecheck' on input line 28
2.
)
\Hy@SectionHShift=\skip48
)
("C:/Program Files/MiKTeX 2.9/tex/latex/tools/longtable.sty"
Package: longtable 2019/02/06 v4.12 Multi-page Table package (DPC)
\LTleft=\skip49
\LTright=\skip50
\LTpre=\skip51
\LTpost=\skip52
\LTchunksize=\count113
\LTcapwidth=\dimen126
\LT@head=\box29
\LT@firsthead=\box30
\LT@foot=\box31
\LT@lastfoot=\box32
\LT@cols=\count114
\LT@rows=\count115
\c@LT@tables=\count116
\c@LT@chunks=\count117
\LT@p@ftn=\toks22
)
("C:/Program Files/MiKTeX 2.9/tex/latex/base/inputenc.sty"
Package: inputenc 2018/08/11 v1.3c Input encoding file
\inpenc@prehook=\toks23
\inpenc@posthook=\toks24


Package inputenc Warning: inputenc package ignored with utf8 based engines.

) (C:/Users/Agnieszka/AppData/Roaming/MiKTeX/2.9/tex/latex/polski/polski.sty
Package: polski 2017/05/04 v1.3.4 Polish language package
\l@polish=\language2

("C:/Program Files/MiKTeX 2.9/tex/generic/hyph-utf8/patterns/tex/hyph-pl.tex")) ("C:/Program Files/MiKTeX 2.9/tex/generic/babel/babel.sty"
Package: babel 2019/10/15 3.35 The Babel package

("C:/Program Files/MiKTeX 2.9/tex/generic/babel/switch.def"
File: switch.def 2019/10/15 3.35 Babel switching mechanism
)
("C:/Program Files/MiKTeX 2.9/tex/generic/babel/luababel.def"
\l@afrikaans=\language3
Package babel Info: Non-standard hyphenation setup on input line 114.
\l@ancientgreek=\language4
\l@arabic=\language5
\l@armenian=\language6
\l@assamese=\language7
\l@basque=\language8
\l@belarusian=\language9
\l@bengali=\language10
\l@bokmal=\language11
\l@bulgarian=\language12
\l@catalan=\language13
\l@churchslavonic=\language14
\l@classiclatin=\language15
\l@coptic=\language16
\l@croatian=\language17
\l@czech=\language18
\l@danish=\language19
\l@dutch=\language20
\l@esperanto=\language21
\l@estonian=\language22
\l@ethiopic=\language23
\l@farsi=\language24
\l@finnish=\language25
\l@french=\language26
\l@friulan=\language27
\l@galician=\language28
\l@georgian=\language29
\l@german=\language30
\l@german-x-2019-04-04=\language31
\l@greek=\language32
\l@gujarati=\language33
\l@hindi=\language34
\l@hungarian=\language35
\l@icelandic=\language36
\l@indonesian=\language37
\l@interlingua=\language38
\l@irish=\language39
\l@italian=\language40
\l@kannada=\language41
\l@kurmanji=\language42
\l@latin=\language43
\l@latvian=\language44
\l@lithuanian=\language45
\l@liturgicallatin=\language46
\l@malayalam=\language47
\l@marathi=\language48
\l@mongolian=\language49
\l@mongolianlmc=\language50
\l@monogreek=\language51
\l@ngerman=\language52
\l@ngerman-x-2019-04-04=\language53
\l@nynorsk=\language54
\l@occitan=\language55
\l@oriya=\language56
\l@pali=\language57
\l@panjabi=\language58
\l@piedmontese=\language59
\l@polish=\language60
\l@portuguese=\language61
\l@romanian=\language62
\l@romansh=\language63
\l@russian=\language64
\l@sanskrit=\language65
\l@serbian=\language66
\l@serbianc=\language67
\l@slovak=\language68
\l@slovenian=\language69
\l@spanish=\language70
\l@swedish=\language71
\l@swissgerman=\language72
\l@tamil=\language73
\l@telugu=\language74
\l@thai=\language75
\l@turkish=\language76
\l@turkmen=\language77
\l@ukenglish=\language78
\l@ukrainian=\language79
\l@uppersorbian=\language80
\l@usenglishmax=\language81
\l@welsh=\language82
)
*************************************
* Local config file bblopts.cfg used
*
(C:/Users/Agnieszka/AppData/Roaming/MiKTeX/2.9/tex/latex/arabi/bblopts.cfg
File: bblopts.cfg 2005/09/08 v0.1 add Arabic and Farsi to "declared" options of 
babel
)
(C:/Users/Agnieszka/AppData/Roaming/MiKTeX/2.9/tex/latex/babel-polish/polish.ld
f
Language: polish 2005/03/31 v1.2l Polish support from the babel system
 ("C:/Program Files/MiKTeX 2.9/tex/generic/babel/babel.def"
File: babel.def 2019/10/15 3.35 Babel common definitions
\babel@savecnt=\count118
\U@D=\dimen127

("C:/Program Files/MiKTeX 2.9/tex/generic/babel/luababel.def"
\bbl@attr@locale=\attribute6
))
Package babel Info: Making " an active character on input line 83.
\pl@left=\dimen128
\pl@down=\dimen129
\pl@right=\dimen130
\pl@temp=\dimen131

("C:/Program Files/MiKTeX 2.9/tex/generic/hyph-utf8/loadhyph/loadhyph-pl.tex"
UTF-8 Polish hyphenation patterns
("C:/Program Files/MiKTeX 2.9/tex/generic/hyph-utf8/patterns/tex/hyph-pl.tex")))
)
(C:/Users/Agnieszka/AppData/Roaming/MiKTeX/2.9/tex/latex/impnattypo/impnattypo.
sty
Package: impnattypo 2019/03/04 1.5 Typographic utilities inspired by the French 
Imprimerie Nationale
Package: impnattypo 
 (C:/Users/Agnieszka/AppData/Roaming/MiKTeX/2.9/tex/latex/xcolor/xcolor.sty
Package: xcolor 2016/05/11 v2.12 LaTeX color extensions (UK)

("C:/Program Files/MiKTeX 2.9/tex/latex/graphics-cfg/color.cfg"
File: color.cfg 2016/01/02 v1.6 sample color configuration
)
Package xcolor Info: Driver file: luatex.def on input line 225.
Package xcolor Info: Model `cmy' substituted by `cmy0' on input line 1348.
Package xcolor Info: Model `hsb' substituted by `rgb' on input line 1352.
Package xcolor Info: Model `RGB' extended on input line 1364.
Package xcolor Info: Model `HTML' substituted by `rgb' on input line 1366.
Package xcolor Info: Model `Hsb' substituted by `hsb' on input line 1367.
Package xcolor Info: Model `tHsb' substituted by `hsb' on input line 1368.
Package xcolor Info: Model `HSB' substituted by `hsb' on input line 1369.
Package xcolor Info: Model `Gray' substituted by `gray' on input line 1370.
Package xcolor Info: Model `wave' substituted by `hsb' on input line 1371.
)
("C:/Program Files/MiKTeX 2.9/tex/luatex/luatexbase/luatexbase.sty"
Package: luatexbase 2015/10/04 v1.3 luatexbase interface to LuaTeX 

(C:/Users/Agnieszka/AppData/Roaming/MiKTeX/2.9/tex/luatex/ctablestack/ctablesta
ck.sty
Package: ctablestack 2015/10/01 v1.0 Catcode table stable support
\@catcodetablestackcnt=\count119
)
\CatcodeTableOther=\catcodetable5
\CatcodeTableExpl=\catcodetable6
)
(C:/Users/Agnieszka/AppData/Roaming/MiKTeX/2.9/tex/lualatex/luacode/luacode.sty
Package: luacode 2012/01/23 v1.2a lua-in-tex helpers (mpg)
\luacode@lines=\toks25
\luacode@table@soft=\catcodetable7
)
Inserting `~' at position 2 in `pre_linebreak_filter'.)
(C:/Users/Agnieszka/AppData/Roaming/MiKTeX/2.9/tex/latex/mathtools/mathtools.st
y
Package: mathtools 2020/03/24 v1.24 mathematical typesetting tools
 ("C:/Program Files/MiKTeX 2.9/tex/latex/tools/calc.sty"
Package: calc 2017/05/25 v4.3 Infix arithmetic (KKT,FJ)
\calc@Acount=\count120
\calc@Bcount=\count121
\calc@Adimen=\dimen132
\calc@Bdimen=\dimen133
\calc@Askip=\skip53
\calc@Bskip=\skip54
LaTeX Info: Redefining \setlength on input line 80.
LaTeX Info: Redefining \addtolength on input line 81.
\calc@Ccount=\count122
\calc@Cskip=\skip55
)
(C:/Users/Agnieszka/AppData/Roaming/MiKTeX/2.9/tex/latex/mathtools/mhsetup.sty
Package: mhsetup 2017/03/31 v1.3 programming setup (MH)
)
LaTeX Info: Thecontrolsequence`\('isalreadyrobust on input line 130.
LaTeX Info: Thecontrolsequence`\)'isalreadyrobust on input line 130.
LaTeX Info: Thecontrolsequence`\['isalreadyrobust on input line 130.
LaTeX Info: Thecontrolsequence`\]'isalreadyrobust on input line 130.
\g_MT_multlinerow_int=\count123
\l_MT_multwidth_dim=\dimen134
\origjot=\skip56
\l_MT_shortvdotswithinadjustabove_dim=\dimen135
\l_MT_shortvdotswithinadjustbelow_dim=\dimen136
\l_MT_above_intertext_sep=\dimen137
\l_MT_below_intertext_sep=\dimen138
\l_MT_above_shortintertext_sep=\dimen139
\l_MT_below_shortintertext_sep=\dimen140
\xmathstrut@box=\box33
\xmathstrut@dim=\dimen141
) (C:/Users/Agnieszka/AppData/Roaming/MiKTeX/2.9/tex/latex/parskip/parskip.sty
Package: parskip 2019-01-16 v2.0c non-zero parskip adjustments

(C:/Users/Agnieszka/AppData/Roaming/MiKTeX/2.9/tex/latex/etoolbox/etoolbox.sty
Package: etoolbox 2019/09/21 v2.5h e-TeX tools for LaTeX (JAW)
\etb@tempcnta=\count124
)) (C:/Users/Agnieszka/AppData/Roaming/MiKTeX/2.9/tex/latex/caption/caption.sty
Package: caption 2020/05/10 v3.4j Customizing captions (AR)

(C:/Users/Agnieszka/AppData/Roaming/MiKTeX/2.9/tex/latex/caption/caption3.sty
Package: caption3 2020/05/10 v1.11 caption3 kernel (AR)
Package caption3 Info: TeX engine: e-TeX on input line 61.
\captionmargin=\dimen142
\captionmargin@=\dimen143
\captionwidth=\dimen144
\caption@tempdima=\dimen145
\caption@indent=\dimen146
\caption@parindent=\dimen147
\caption@hangindent=\dimen148
Package caption Info: Standard document class detected.
)
\c@caption@flags=\count125
\c@continuedfloat=\count126
Package caption Info: hyperref package is loaded.
Package caption Info: longtable package is loaded.

(C:/Users/Agnieszka/AppData/Roaming/MiKTeX/2.9/tex/latex/caption/ltcaption.sty
Package: ltcaption 2018/08/26 v1.4a longtable captions (AR)
))
(C:/Users/Agnieszka/AppData/Roaming/MiKTeX/2.9/tex/latex/booktabs/booktabs.sty
Package: booktabs 2020/01/12 v1.61803398 Publication quality tables
\heavyrulewidth=\dimen149
\lightrulewidth=\dimen150
\cmidrulewidth=\dimen151
\belowrulesep=\dimen152
\belowbottomsep=\dimen153
\aboverulesep=\dimen154
\abovetopsep=\dimen155
\cmidrulesep=\dimen156
\cmidrulekern=\dimen157
\defaultaddspace=\dimen158
\@cmidla=\count127
\@cmidlb=\count128
\@aboverulesep=\dimen159
\@belowrulesep=\dimen160
\@thisruleclass=\count129
\@lastruleclass=\count130
\@thisrulewidth=\dimen161
) ("C:/Program Files/MiKTeX 2.9/tex/latex/tools/array.sty"
Package: array 2019/08/31 v2.4l Tabular extension package (FMi)
\col@sep=\dimen162
\ar@mcellbox=\box34
\extrarowheight=\dimen163
\NC@list=\toks26
\extratabsurround=\skip57
\backup@length=\skip58
\ar@cellbox=\box35
)
("C:/Program Files/MiKTeX 2.9/tex/latex/multirow/multirow.sty"
Package: multirow 2019/05/31 v2.5 Span multiple rows of a table
\multirow@colwidth=\skip59
\multirow@cntb=\count131
\multirow@dima=\skip60
\bigstrutjot=\dimen164
)
(C:/Users/Agnieszka/AppData/Roaming/MiKTeX/2.9/tex/latex/wrapfig/wrapfig.sty
\wrapoverhang=\dimen165
\WF@size=\dimen166
\c@WF@wrappedlines=\count132
\WF@box=\box36
\WF@everypar=\toks27
Package: wrapfig 2003/01/31  v 3.6
)
("C:/Program Files/MiKTeX 2.9/tex/latex/float/float.sty"
Package: float 2001/11/08 v1.3d Float enhancements (AL)
\c@float@type=\count133
\float@exts=\toks28
\float@box=\box37
\@float@everytoks=\toks29
\@floatcapt=\box38
)
(C:/Users/Agnieszka/AppData/Roaming/MiKTeX/2.9/tex/latex/colortbl/colortbl.sty
Package: colortbl 2020/01/04 v1.0e Color table columns (DPC)
\everycr=\toks30
\minrowclearance=\skip61
) ("C:/Program Files/MiKTeX 2.9/tex/latex/oberdiek/pdflscape.sty"
Package: pdflscape 2016/05/14 v0.11 Display of landscape pages in PDF (HO)

("C:/Program Files/MiKTeX 2.9/tex/latex/graphics/lscape.sty"
Package: lscape 2000/10/22 v3.01 Landscape Pages (DPC)
)
Package pdflscape Info: Auto-detected driver: pdftex on input line 81.

(C:/Users/Agnieszka/AppData/Roaming/MiKTeX/2.9/tex/generic/iftex/ifxetex.sty
Package: ifxetex 2019/10/25 v0.7 ifxetex legacy package. Use iftex instead.
))
(C:/Users/Agnieszka/AppData/Roaming/MiKTeX/2.9/tex/latex/tabu/tabu.sty
Package: tabu 2019/01/11 v2.9 - flexible LaTeX tabulars (FC+tabu-fixed)

(C:/Users/Agnieszka/AppData/Roaming/MiKTeX/2.9/tex/latex/varwidth/varwidth.sty
Package: varwidth 2009/03/30 ver 0.92;  Variable-width minipages
\@vwid@box=\box39
\sift@deathcycles=\count134
\@vwid@loff=\dimen167
\@vwid@roff=\dimen168
)
\c@taburow=\count135
\tabu@nbcols=\count136
\tabu@cnt=\count137
\tabu@Xcol=\count138
\tabu@alloc=\count139
\tabu@nested=\count140
\tabu@target=\dimen169
\tabu@spreadtarget=\dimen170
\tabu@naturalX=\dimen171
\tabucolX=\dimen172
\tabu@Xsum=\dimen173
\extrarowdepth=\dimen174
\abovetabulinesep=\dimen175
\belowtabulinesep=\dimen176
\tabustrutrule=\dimen177
\tabu@thebody=\toks31
\tabu@footnotes=\toks32
\tabu@box=\box40
\tabu@arstrutbox=\box41
\tabu@hleads=\box42
\tabu@vleads=\box43
\tabu@cellskip=\skip62
)
(C:/Users/Agnieszka/AppData/Roaming/MiKTeX/2.9/tex/latex/threeparttable/threepa
rttable.sty
Package: threeparttable 2003/06/13  v 3.0
\@tempboxb=\box44
)
(C:/Users/Agnieszka/AppData/Roaming/MiKTeX/2.9/tex/latex/threeparttablex/threep
arttablex.sty
Package: threeparttablex 2013/07/23 v0.3 by daleif

(C:/Users/Agnieszka/AppData/Roaming/MiKTeX/2.9/tex/latex/environ/environ.sty
Package: environ 2014/05/04 v0.3 A new way to define environments

(C:/Users/Agnieszka/AppData/Roaming/MiKTeX/2.9/tex/latex/trimspaces/trimspaces.
sty
Package: trimspaces 2009/09/17 v1.1 Trim spaces around a token list
))
\TPTL@width=\skip63
) (C:/Users/Agnieszka/AppData/Roaming/MiKTeX/2.9/tex/latex/ulem/ulem.sty
\UL@box=\box45
\UL@hyphenbox=\box46
\UL@skip=\skip64
\UL@hook=\toks33
\UL@height=\dimen178
\UL@pe=\count141
\UL@pixel=\dimen179
\ULC@box=\box47
Package: ulem 2019/11/18
\ULdepth=\dimen180
)
(C:/Users/Agnieszka/AppData/Roaming/MiKTeX/2.9/tex/latex/makecell/makecell.sty
Package: makecell 2009/08/03 V0.1e Managing of Tab Column Heads and Cells
\rotheadsize=\dimen181
\c@nlinenum=\count142
\TeXr@lab=\toks34
) (./text_ASA.aux)
\openout1 = text_ASA.aux

LaTeX Font Info:    Checking defaults for OML/cmm/m/it on input line 61.
LaTeX Font Info:    ... okay on input line 61.
LaTeX Font Info:    Checking defaults for T1/cmr/m/n on input line 61.
LaTeX Font Info:    ... okay on input line 61.
LaTeX Font Info:    Checking defaults for OT1/cmr/m/n on input line 61.
LaTeX Font Info:    ... okay on input line 61.
LaTeX Font Info:    Checking defaults for OMS/cmsy/m/n on input line 61.
LaTeX Font Info:    ... okay on input line 61.
LaTeX Font Info:    Checking defaults for TU/lmr/m/n on input line 61.
LaTeX Font Info:    ... okay on input line 61.
LaTeX Font Info:    Checking defaults for OMX/cmex/m/n on input line 61.
LaTeX Font Info:    ... okay on input line 61.
LaTeX Font Info:    Checking defaults for U/cmr/m/n on input line 61.
LaTeX Font Info:    ... okay on input line 61.
LaTeX Font Info:    Checking defaults for TS1/cmr/m/n on input line 61.
LaTeX Font Info:    Trying to load font information for TS1+cmr on input line 61
.
 ("C:/Program Files/MiKTeX 2.9/tex/latex/base/ts1cmr.fd"
File: ts1cmr.fd 2014/09/29 v2.5h Standard LaTeX font definitions
)
LaTeX Font Info:    ... okay on input line 61.
LaTeX Font Info:    Checking defaults for PD1/pdf/m/n on input line 61.
LaTeX Font Info:    ... okay on input line 61.
LaTeX Font Info:    Checking defaults for PU/pdf/m/n on input line 61.
LaTeX Font Info:    ... okay on input line 61.

(C:/Users/Agnieszka/AppData/Roaming/MiKTeX/2.9/tex/context/base/mkii/supp-pdf.m
kii
[Loading MPS to PDF converter (version 2006.09.02).]
\scratchcounter=\count143
\scratchdimen=\dimen182
\scratchbox=\box48
\nofMPsegments=\count144
\nofMParguments=\count145
\everyMPshowfont=\toks35
\MPscratchCnt=\count146
\MPscratchDim=\dimen183
\MPnumerator=\count147
\makeMPintoPDFobject=\count148
\everyMPtoPDFconversion=\toks36
) ("C:/Program Files/MiKTeX 2.9/tex/latex/oberdiek/epstopdf-base.sty"
Package: epstopdf-base 2016/05/15 v2.6 Base part for package epstopdf

("C:/Program Files/MiKTeX 2.9/tex/latex/oberdiek/grfext.sty"
Package: grfext 2016/05/16 v1.2 Manage graphics extensions (HO)
)
Package epstopdf-base Info: Redefining graphics rule for `.eps' on input line 43
8.
Package grfext Info: Graphics extension search list:
(grfext)             [.pdf,.png,.jpg,.mps,.jpeg,.jbig2,.jb2,.PDF,.PNG,.JPG,.JPEG
,.JBIG2,.JB2,.eps]
(grfext)             \AppendGraphicsExtensions on input line 456.
)
\AtBeginShipoutBox=\box49
Package hyperref Info: Link coloring OFF on input line 61.

("C:/Program Files/MiKTeX 2.9/tex/latex/hyperref/nameref.sty"
Package: nameref 2019/09/16 v2.46 Cross-referencing by name of section

("C:/Program Files/MiKTeX 2.9/tex/latex/oberdiek/refcount.sty"
Package: refcount 2016/05/16 v3.5 Data extraction from label references (HO)
)
("C:/Program Files/MiKTeX 2.9/tex/generic/oberdiek/gettitlestring.sty"
Package: gettitlestring 2016/05/16 v1.5 Cleanup title references (HO)
)
\c@section@level=\count149
)
LaTeX Info: Redefining \ref on input line 61.
LaTeX Info: Redefining \pageref on input line 61.
LaTeX Info: Redefining \nameref on input line 61.

(./text_ASA.out) (./text_ASA.out)
\@outlinefile=\write4

\openout4 = text_ASA.out
Package caption Info: Begin \AtBeginDocument code.
Package caption Info: float package is loaded.
Package caption Info: threeparttable package is loaded.
Package caption Info: wrapfig package is loaded.
Package caption Info: End \AtBeginDocument code.
<AGHlogo.jpg, id=111, 401.427pt x 195.129pt>
File: AGHlogo.jpg Graphic file (type jpg)
<use AGHlogo.jpg>
Package luatex.def Info: AGHlogo.jpg  used on input line 73.
(luatex.def)             Requested size: 401.42601pt x 195.12851pt.
 [1
Non-PDF special ignored!

{C:/Users/Agnieszka/AppData/Local/MiKTeX/2.9/pdftex/config/pdftex.map}<./AGHlogo
.jpg>] (./text_ASA.toc [2])
\tf@toc=\write5

\openout5 = text_ASA.toc
 (./text_ASA.lot)
\tf@lot=\write6

\openout6 = text_ASA.lot

(./text_ASA.lof [3])
\tf@lof=\write7

\openout7 = text_ASA.lof
 [4] [5]
Overfull \hbox (16.90445pt too wide) in paragraph at lines 140--140
[]\TU/lmr/bx/n/17.28 Ilo-ściowe ba-da-nia nad de-mo-kra-cją w li-te-ra-tu-rze
 przed-
 []

[6]
Overfull \hbox (3.08202pt too wide) in alignment at lines 163--178
 [][] 
 []

[7] [8] [9] [10] [11] [12] [13]
Overfull \hbox (10.40198pt too wide) in paragraph at lines 293--294
\TU/lmr/m/n/12 ob-ser-wa-cje mają wie-lo-wy-mia-rowy roz-kład nor-malny. Funk
-cja prze-ciwna do log-wiarygodności,
 []

[14] [15] [16] [17] [18]
Missing character: There is no … (U+2026) in font cmr12!
 [19]
Missing character: There is no ó (U+00F3) in font cmmi12!
Missing character: There is no ó (U+00F3) in font cmmi12!
Missing character: There is no ż (U+017C) in font cmmi12!
Missing character: There is no ż (U+017C) in font cmmi12!
Missing character: There is no ś (U+015B) in font cmmi12!
Missing character: There is no ś (U+015B) in font cmmi12!
Missing character: There is no ć (U+0107) in font cmmi12!
Missing character: There is no ć (U+0107) in font cmmi12!
Missing character: There is no ł (U+0142) in font cmmi12!
Missing character: There is no ł (U+0142) in font cmmi12!
Missing character: There is no ó (U+00F3) in font cmmi12!
Missing character: There is no ó (U+00F3) in font cmmi12!
Missing character: There is no ż (U+017C) in font cmmi12!
Missing character: There is no ż (U+017C) in font cmmi12!
Missing character: There is no ś (U+015B) in font cmmi12!
Missing character: There is no ś (U+015B) in font cmmi12!
Missing character: There is no ć (U+0107) in font cmmi12!
Missing character: There is no ć (U+0107) in font cmmi12!
Missing character: There is no ł (U+0142) in font cmmi12!
Missing character: There is no ł (U+0142) in font cmmi12!
Missing character: There is no ó (U+00F3) in font cmmi12!
Missing character: There is no ó (U+00F3) in font cmmi12!
Missing character: There is no ż (U+017C) in font cmmi12!
Missing character: There is no ż (U+017C) in font cmmi12!
Missing character: There is no ś (U+015B) in font cmmi12!
Missing character: There is no ś (U+015B) in font cmmi12!
Missing character: There is no ć (U+0107) in font cmmi12!
Missing character: There is no ć (U+0107) in font cmmi12!
Missing character: There is no ł (U+0142) in font cmmi12!
Missing character: There is no ł (U+0142) in font cmmi12!
Missing character: There is no ó (U+00F3) in font cmmi12!
Missing character: There is no ó (U+00F3) in font cmmi12!
Missing character: There is no ż (U+017C) in font cmmi12!
Missing character: There is no ż (U+017C) in font cmmi12!
Missing character: There is no ś (U+015B) in font cmmi12!
Missing character: There is no ś (U+015B) in font cmmi12!
Missing character: There is no ć (U+0107) in font cmmi12!
Missing character: There is no ć (U+0107) in font cmmi12!
Missing character: There is no ł (U+0142) in font cmmi12!
Missing character: There is no ł (U+0142) in font cmmi12!
Missing character: There is no ó (U+00F3) in font cmmi12!
Missing character: There is no ó (U+00F3) in font cmmi12!
Missing character: There is no ż (U+017C) in font cmmi12!
Missing character: There is no ż (U+017C) in font cmmi12!
Missing character: There is no ś (U+015B) in font cmmi12!
Missing character: There is no ś (U+015B) in font cmmi12!
Missing character: There is no ć (U+0107) in font cmmi12!
Missing character: There is no ć (U+0107) in font cmmi12!
Missing character: There is no ł (U+0142) in font cmmi12!
Missing character: There is no ł (U+0142) in font cmmi12!
Missing character: There is no ó (U+00F3) in font cmmi12!
Missing character: There is no ó (U+00F3) in font cmmi12!
Missing character: There is no ż (U+017C) in font cmmi12!
Missing character: There is no ż (U+017C) in font cmmi12!
Missing character: There is no ś (U+015B) in font cmmi12!
Missing character: There is no ś (U+015B) in font cmmi12!
Missing character: There is no ć (U+0107) in font cmmi12!
Missing character: There is no ć (U+0107) in font cmmi12!
Missing character: There is no ł (U+0142) in font cmmi12!
Missing character: There is no ł (U+0142) in font cmmi12!
Missing character: There is no ó (U+00F3) in font cmmi12!
Missing character: There is no ó (U+00F3) in font cmmi12!
Missing character: There is no ż (U+017C) in font cmmi12!
Missing character: There is no ż (U+017C) in font cmmi12!
Missing character: There is no ś (U+015B) in font cmmi12!
Missing character: There is no ś (U+015B) in font cmmi12!
Missing character: There is no ć (U+0107) in font cmmi12!
Missing character: There is no ć (U+0107) in font cmmi12!
Missing character: There is no ł (U+0142) in font cmmi12!
Missing character: There is no ł (U+0142) in font cmmi12!
Missing character: There is no ó (U+00F3) in font cmmi12!
Missing character: There is no ó (U+00F3) in font cmmi12!
Missing character: There is no ż (U+017C) in font cmmi12!
Missing character: There is no ż (U+017C) in font cmmi12!
Missing character: There is no ś (U+015B) in font cmmi12!
Missing character: There is no ś (U+015B) in font cmmi12!
Missing character: There is no ć (U+0107) in font cmmi12!
Missing character: There is no ć (U+0107) in font cmmi12!
Missing character: There is no ł (U+0142) in font cmmi12!
Missing character: There is no ł (U+0142) in font cmmi12!
 [20] [21] [22]
<text_ASA_files/figure-latex/descr-plot-1.pdf, id=490, 505.89pt x 578.16pt>
File: text_ASA_files/figure-latex/descr-plot-1.pdf Graphic file (type pdf)
<use text_ASA_files/figure-latex/descr-plot-1.pdf>
Package luatex.def Info: text_ASA_files/figure-latex/descr-plot-1.pdf  used on i
nput line 472.
(luatex.def)             Requested size: 505.88875pt x 578.15858pt.

Overfull \hbox (43.61876pt too wide) in paragraph at lines 472--473
[][]
 []


Underfull \hbox (badness 10000) in paragraph at lines 472--473

 []


LaTeX Warning: Float too large for page by 8.7822pt on input line 475.

[23] [24<./text_ASA_files/figure-latex/descr-plot-1.pdf>]
Overfull \hbox (7.19952pt too wide) in paragraph at lines 490--491
[]\TU/lmr/m/n/12 Kon-cep-cję de-mo-kra-cji można opi-sać zmienną la-tentn
ą, która wpływa na od-po-wie-dzi (zmienne
 []

<text_ASA_files/figure-latex/cor-matrix-1.pdf, id=505, 469.755pt x 325.215pt>
File: text_ASA_files/figure-latex/cor-matrix-1.pdf Graphic file (type pdf)
<use text_ASA_files/figure-latex/cor-matrix-1.pdf>
Package luatex.def Info: text_ASA_files/figure-latex/cor-matrix-1.pdf  used on i
nput line 496.
(luatex.def)             Requested size: 469.75386pt x 325.2142pt.

Overfull \hbox (7.48387pt too wide) in paragraph at lines 496--497
[][]
 []


Underfull \hbox (badness 10000) in paragraph at lines 496--497

 []

[25] [26<./text_ASA_files/figure-latex/cor-matrix-1.pdf>] [27] [28]
Overfull \hbox (5.07669pt too wide) in paragraph at lines 525--526
[]\TU/lmr/m/n/12 Można rów-nież spoj-rzeć na spo-łeczne kon-cep-cje de-mo-
kra-cji pod ką-tem jej trwa-ło-ści. W szcze-
 []

[29]
<text_ASA_files/figure-latex/diagram-all-1.pdf, id=547, 469.755pt x 325.215pt>
File: text_ASA_files/figure-latex/diagram-all-1.pdf Graphic file (type pdf)
<use text_ASA_files/figure-latex/diagram-all-1.pdf>
Package luatex.def Info: text_ASA_files/figure-latex/diagram-all-1.pdf  used on 
input line 540.
(luatex.def)             Requested size: 469.75386pt x 325.2142pt.

Overfull \hbox (7.48387pt too wide) in paragraph at lines 540--541
 [][] 
 []

[30<./text_ASA_files/figure-latex/diagram-all-1.pdf>]
<text_ASA_files/figure-latex/stats-all-1.pdf, id=556, 505.89pt x 578.16pt>
File: text_ASA_files/figure-latex/stats-all-1.pdf Graphic file (type pdf)
<use text_ASA_files/figure-latex/stats-all-1.pdf>
Package luatex.def Info: text_ASA_files/figure-latex/stats-all-1.pdf  used on in
put line 555.
(luatex.def)             Requested size: 505.88875pt x 578.15858pt.

Overfull \hbox (43.61876pt too wide) in paragraph at lines 555--556
 [][] 
 []

[31] [32<./text_ASA_files/figure-latex/stats-all-1.pdf>] [33]
Overfull \hbox (0.83522pt too wide) in paragraph at lines 580--584
[]\TU/lmr/m/n/12 Można przy-pusz-czać, że róż-nice wy-ni-kają z hi-sto-ry
cz-nych uwa-run-ko-wań. Spora część państw
 []

<map1.png, id=577, 1267.73625pt x 924.45375pt>
File: map1.png Graphic file (type png)
<use map1.png>
Package luatex.def Info: map1.png  used on input line 586.
(luatex.def)             Requested size: 451.68228pt x 329.37534pt.
<text_ASA_files/figure-latex/cor-matrix-lib-1.pdf, id=578, 469.755pt x 325.215pt
>
File: text_ASA_files/figure-latex/cor-matrix-lib-1.pdf Graphic file (type pdf)
<use text_ASA_files/figure-latex/cor-matrix-lib-1.pdf>
Package luatex.def Info: text_ASA_files/figure-latex/cor-matrix-lib-1.pdf  used 
on input line 596.
(luatex.def)             Requested size: 469.75386pt x 325.2142pt.

Overfull \hbox (7.48387pt too wide) in paragraph at lines 596--597
[][]
 []


Underfull \hbox (badness 10000) in paragraph at lines 596--597

 []

<text_ASA_files/figure-latex/diagram-west-1.pdf, id=579, 469.755pt x 325.215pt>
File: text_ASA_files/figure-latex/diagram-west-1.pdf Graphic file (type pdf)
<use text_ASA_files/figure-latex/diagram-west-1.pdf>
Package luatex.def Info: text_ASA_files/figure-latex/diagram-west-1.pdf  used on
 input line 605.
(luatex.def)             Requested size: 469.75386pt x 325.2142pt.

Overfull \hbox (7.48387pt too wide) in paragraph at lines 605--606
 [][] 
 []

[34] [35<./map1.png>] [36<./text_ASA_files/figure-latex/cor-matrix-lib-1.pdf>]
<text_ASA_files/figure-latex/stats-west-1.pdf, id=600, 505.89pt x 578.16pt>
File: text_ASA_files/figure-latex/stats-west-1.pdf Graphic file (type pdf)
<use text_ASA_files/figure-latex/stats-west-1.pdf>
Package luatex.def Info: text_ASA_files/figure-latex/stats-west-1.pdf  used on i
nput line 616.
(luatex.def)             Requested size: 505.88875pt x 578.15858pt.

Overfull \hbox (43.61876pt too wide) in paragraph at lines 616--617
 [][] 
 []


LaTeX Warning: Float too large for page by 8.7822pt on input line 621.

[37<./text_ASA_files/figure-latex/diagram-west-1.pdf>] [38<./text_ASA_files/figu
re-latex/stats-west-1.pdf>]
<text_ASA_files/figure-latex/cor-matrix-east-1.pdf, id=620, 469.755pt x 325.215p
t>
File: text_ASA_files/figure-latex/cor-matrix-east-1.pdf Graphic file (type pdf)
<use text_ASA_files/figure-latex/cor-matrix-east-1.pdf>
Package luatex.def Info: text_ASA_files/figure-latex/cor-matrix-east-1.pdf  used
 on input line 652.
(luatex.def)             Requested size: 469.75386pt x 325.2142pt.

Overfull \hbox (7.48387pt too wide) in paragraph at lines 652--653
[][]
 []


Underfull \hbox (badness 10000) in paragraph at lines 652--653

 []

<text_ASA_files/figure-latex/diagram-east-1.pdf, id=621, 469.755pt x 325.215pt>
File: text_ASA_files/figure-latex/diagram-east-1.pdf Graphic file (type pdf)
<use text_ASA_files/figure-latex/diagram-east-1.pdf>
Package luatex.def Info: text_ASA_files/figure-latex/diagram-east-1.pdf  used on
 input line 661.
(luatex.def)             Requested size: 469.75386pt x 325.2142pt.

Overfull \hbox (7.48387pt too wide) in paragraph at lines 661--662
 [][] 
 []

[39] [40<./text_ASA_files/figure-latex/cor-matrix-east-1.pdf>] [41<./text_ASA_fi
les/figure-latex/diagram-east-1.pdf>]
<text_ASA_files/figure-latex/dendrogram-1.pdf, id=648, 469.755pt x 325.215pt>
File: text_ASA_files/figure-latex/dendrogram-1.pdf Graphic file (type pdf)
<use text_ASA_files/figure-latex/dendrogram-1.pdf>
Package luatex.def Info: text_ASA_files/figure-latex/dendrogram-1.pdf  used on i
nput line 686.
(luatex.def)             Requested size: 469.75386pt x 325.2142pt.

Overfull \hbox (7.48387pt too wide) in paragraph at lines 686--687
 [][] 
 []

<map2.png, id=649, 1267.73625pt x 924.45375pt>
File: map2.png Graphic file (type png)
<use map2.png>
Package luatex.def Info: map2.png  used on input line 696.
(luatex.def)             Requested size: 451.68228pt x 329.37534pt.
[42] [43<./text_ASA_files/figure-latex/dendrogram-1.pdf>] [44<./map2.png>]
<text_ASA_files/figure-latex/silhouette-1.pdf, id=675, 469.755pt x 325.215pt>
File: text_ASA_files/figure-latex/silhouette-1.pdf Graphic file (type pdf)
<use text_ASA_files/figure-latex/silhouette-1.pdf>
Package luatex.def Info: text_ASA_files/figure-latex/silhouette-1.pdf  used on i
nput line 703.
(luatex.def)             Requested size: 469.75386pt x 325.2142pt.

Overfull \hbox (7.48387pt too wide) in paragraph at lines 703--704
 [][] 
 []

[45<./text_ASA_files/figure-latex/silhouette-1.pdf>]
<text_ASA_files/figure-latex/cor-matrix-1-1.pdf, id=687, 469.755pt x 325.215pt>
File: text_ASA_files/figure-latex/cor-matrix-1-1.pdf Graphic file (type pdf)
<use text_ASA_files/figure-latex/cor-matrix-1-1.pdf>
Package luatex.def Info: text_ASA_files/figure-latex/cor-matrix-1-1.pdf  used on
 input line 719.
(luatex.def)             Requested size: 469.75386pt x 325.2142pt.

Overfull \hbox (7.48387pt too wide) in paragraph at lines 719--720
[][]
 []


Underfull \hbox (badness 10000) in paragraph at lines 719--720

 []

[46<./text_ASA_files/figure-latex/cor-matrix-1-1.pdf>]
<text_ASA_files/figure-latex/diagram-1-1.pdf, id=696, 469.755pt x 325.215pt>
File: text_ASA_files/figure-latex/diagram-1-1.pdf Graphic file (type pdf)
<use text_ASA_files/figure-latex/diagram-1-1.pdf>
Package luatex.def Info: text_ASA_files/figure-latex/diagram-1-1.pdf  used on in
put line 730.
(luatex.def)             Requested size: 469.75386pt x 325.2142pt.

Overfull \hbox (7.48387pt too wide) in paragraph at lines 730--731
 [][] 
 []

<text_ASA_files/figure-latex/stats-gr-1-1.pdf, id=697, 505.89pt x 578.16pt>
File: text_ASA_files/figure-latex/stats-gr-1-1.pdf Graphic file (type pdf)
<use text_ASA_files/figure-latex/stats-gr-1-1.pdf>
Package luatex.def Info: text_ASA_files/figure-latex/stats-gr-1-1.pdf  used on i
nput line 741.
(luatex.def)             Requested size: 505.88875pt x 578.15858pt.

Overfull \hbox (43.61876pt too wide) in paragraph at lines 741--742
 [][] 
 []


LaTeX Warning: Float too large for page by 8.7822pt on input line 746.

[47<./text_ASA_files/figure-latex/diagram-1-1.pdf>] [48<./text_ASA_files/figure-
latex/stats-gr-1-1.pdf>]
<text_ASA_files/figure-latex/cor-matrix-3-1.pdf, id=717, 469.755pt x 325.215pt>
File: text_ASA_files/figure-latex/cor-matrix-3-1.pdf Graphic file (type pdf)
<use text_ASA_files/figure-latex/cor-matrix-3-1.pdf>
Package luatex.def Info: text_ASA_files/figure-latex/cor-matrix-3-1.pdf  used on
 input line 781.
(luatex.def)             Requested size: 469.75386pt x 325.2142pt.

Overfull \hbox (7.48387pt too wide) in paragraph at lines 781--782
[][]
 []


Underfull \hbox (badness 10000) in paragraph at lines 781--782

 []

[49] [50<./text_ASA_files/figure-latex/cor-matrix-3-1.pdf>]
<text_ASA_files/figure-latex/diagram-3-1.pdf, id=731, 469.755pt x 325.215pt>
File: text_ASA_files/figure-latex/diagram-3-1.pdf Graphic file (type pdf)
<use text_ASA_files/figure-latex/diagram-3-1.pdf>
Package luatex.def Info: text_ASA_files/figure-latex/diagram-3-1.pdf  used on in
put line 792.
(luatex.def)             Requested size: 469.75386pt x 325.2142pt.

Overfull \hbox (7.48387pt too wide) in paragraph at lines 792--793
 [][] 
 []

<text_ASA_files/figure-latex/stats-gr-3-1.pdf, id=732, 505.89pt x 578.16pt>
File: text_ASA_files/figure-latex/stats-gr-3-1.pdf Graphic file (type pdf)
<use text_ASA_files/figure-latex/stats-gr-3-1.pdf>
Package luatex.def Info: text_ASA_files/figure-latex/stats-gr-3-1.pdf  used on i
nput line 803.
(luatex.def)             Requested size: 505.88875pt x 578.15858pt.

Overfull \hbox (43.61876pt too wide) in paragraph at lines 803--804
 [][] 
 []


LaTeX Warning: Float too large for page by 8.7822pt on input line 808.

[51<./text_ASA_files/figure-latex/diagram-3-1.pdf>] [52<./text_ASA_files/figure-
latex/stats-gr-3-1.pdf>] [53] [54] [55] (./text_ASA.bbl [56] [57])
Package atveryend Info: Empty hook `BeforeClearDocument' on input line 856.
 [58]
Package atveryend Info: Empty hook `AfterLastShipout' on input line 856.

(./text_ASA.aux)
Package atveryend Info: Executing hook `AtVeryEndDocument' on input line 856.
Package atveryend Info: Executing hook `AtEndAfterFileList' on input line 856.
Package rerunfilecheck Info: File `text_ASA.out' has not changed.
(rerunfilecheck)             Checksum: 65E69C32607ECEB464FE7135BE401E71;6015.
Package atveryend Info: Empty hook `AtVeryVeryEnd' on input line 856.
)

Here is how much of LuaTeX's memory you used:
 16268 strings out of 493861
 100000,383344 words of node,token memory allocated
 4484 words of node memory still in use:
   54 hlist, 7 vlist, 5 rule, 1 local_par, 14 math, 275 glue, 10 kern, 3 penalty
, 106 glyph, 176 attribute, 61 glue_spec, 89 attribute_list, 1 write, 26 pdf_act
ion nodes
   avail lists: 1:2,2:568,3:140,4:44,5:351,6:26,7:3369,8:57,9:269,10:23,11:420
 19938 multiletter control sequences out of 65536+200000
 51 fonts using 3708183 bytes
 39i,20n,50p,1478b,554s stack positions out of 5000i,500n,10000p,200000b,50000s
<c:/program files/miktex 2.9/fonts/opentype/public/lm/lmroman10-regular.otf><c:/
program files/miktex 2.9/fonts/opentype/public/lm/lmroman7-regular.otf><c:/progr
am files/miktex 2.9/fonts/opentype/public/lm/lmroman8-regular.otf><c:/program fi
les/miktex 2.9/fonts/opentype/public/lm/lmroman12-italic.otf><c:/program files/m
iktex 2.9/fonts/opentype/public/lm/lmroman12-regular.otf><c:/program files/mikte
x 2.9/fonts/opentype/public/lm/lmroman12-bold.otf><C:/Program Files/MiKTeX 2.9/f
onts/type1/public/amsfonts/cm/cmex10.pfb><C:/Program Files/MiKTeX 2.9/fonts/type
1/public/amsfonts/cm/cmmi12.pfb><C:/Program Files/MiKTeX 2.9/fonts/type1/public/
amsfonts/cm/cmmi8.pfb><C:/Program Files/MiKTeX 2.9/fonts/type1/public/amsfonts/c
m/cmr12.pfb><C:/Program Files/MiKTeX 2.9/fonts/type1/public/amsfonts/cm/cmr8.pfb
><C:/Program Files/MiKTeX 2.9/fonts/type1/public/amsfonts/cm/cmsy10.pfb><C:/Prog
ram Files/MiKTeX 2.9/fonts/type1/public/amsfonts/cm/cmsy8.pfb>
Output written on text_ASA.pdf (58 pages, 938139 bytes).

PDF statistics: 847 PDF objects out of 1000 (max. 8388607)
 190 named destinations out of 1000 (max. 131072)
 217 words of extra memory for PDF output out of 10000 (max. 100000000)

