\BOOKMARK [1][-]{section*.1}{Wprowadzenie}{}% 1
\BOOKMARK [1][-]{section.1}{Ilosciowe badania nad demokracja w literaturze przedmiotu}{}% 2
\BOOKMARK [2][-]{subsection.1.1}{Motywacje ilosciowego badania demokracji}{section.1}% 3
\BOOKMARK [2][-]{subsection.1.2}{Wskazniki demokracji}{section.1}% 4
\BOOKMARK [2][-]{subsection.1.3}{Spo\233eczna koncepcja demokracji}{section.1}% 5
\BOOKMARK [1][-]{section.2}{Modele teoretyczne - Miedzygrupowa analiza czynnikowa}{}% 6
\BOOKMARK [2][-]{subsection.2.1}{Model analizy czynnikowej}{section.2}% 7
\BOOKMARK [2][-]{subsection.2.2}{Identyfikowalnosc modelu analizy czynnikowej}{section.2}% 8
\BOOKMARK [2][-]{subsection.2.3}{Estymacja modelu analizy czynnikowej}{section.2}% 9
\BOOKMARK [2][-]{subsection.2.4}{Zagadnienie r\363wnowaznosci pomiarowej}{section.2}% 10
\BOOKMARK [1][-]{section.3}{Poziomy r\363wnowaznosci}{}% 11
\BOOKMARK [2][-]{subsection.3.1}{R\363wnowaznosc konfiguralna}{section.3}% 12
\BOOKMARK [2][-]{subsection.3.2}{R\363wnowaznosc metryczna}{section.3}% 13
\BOOKMARK [2][-]{subsection.3.3}{R\363wnowaznosc skalarna}{section.3}% 14
\BOOKMARK [1][-]{section.4}{Analiza Czynnikowa koncepcji demokracji}{}% 15
\BOOKMARK [2][-]{subsection.4.1}{Zestaw danych i statystyki opisowe}{section.4}% 16
\BOOKMARK [2][-]{subsection.4.2}{Analiza korelacji}{section.4}% 17
\BOOKMARK [2][-]{subsection.4.3}{Model strukturalny}{section.4}% 18
\BOOKMARK [1][-]{section.5}{Podzia\233 panstw wed\233ug przebiegu Zelaznej Kurtyny}{}% 19
\BOOKMARK [2][-]{subsection.5.1}{Linia podzia\233u}{section.5}% 20
\BOOKMARK [2][-]{subsection.5.2}{Koncepcje demokracji w grupie demokracji liberalnych}{section.5}% 21
\BOOKMARK [2][-]{subsection.5.3}{Koncepcje demokracji w grupie by\233ych demokracji ludowych}{section.5}% 22
